2025-08-16 08:47:05	failed	receiving@hardwarestore.com	Purchase Order Received - PO #PO-2025-101
2025-08-24 10:42:37	failed	abc1@gmail.com	Purchase Order Received - PO #PO-250817-013737
2025-08-24 11:28:49	failed	ishan@gmail.com	Purchase Order Received - PO #PO-250817-020023
2025-08-24 12:02:15	failed	john@hardwaresupply.com	Purchase Order Received - PO #PO-250816-235537
2025-08-24 12:03:19	failed	receiving@hardwarestore.com	Purchase Order Received - PO #PO-2025-102
2025-08-27 04:48:48	failed	admin@hardwarestore.com	Purchase Order CANCELLED - PO #PO-2025-147102
2025-08-27 05:01:54	failed	abc1@gmail.com	Purchase Order CANCELLED - PO #PO-2025-895383
2025-08-27 08:19:29	failed	ishan@gmail.com	Purchase Order Received - PO #PO-250827-045945
2025-08-27 08:19:40	failed	ishan@gmail.com	Purchase Order Received - PO #PO-250827-045945
2025-08-31 11:28:24	failed	receiving@hardwarestore.com	Purchase Order Received - PO #BOT-PO-20250831112637-4768
2025-08-31 11:28:44	failed	receiving@hardwarestore.com	Purchase Order Received - PO #BOT-PO-20250831112433-4351
2025-08-31 11:36:15	failed	receiving@hardwarestore.com	Purchase Order Received - PO #BOT-PO-20250831112606-7284
2025-08-31 12:23:14	failed	admin@hardwarestore.com	Purchase Order CANCELLED - PO #PO-001
2025-08-31 12:23:38	failed	geeta@plumbing.com	Purchase Order CANCELLED - PO #PO-004
2025-08-31 12:23:57	failed	admin@hardwarestore.com	Purchase Order CANCELLED - PO #PO-2024-005
2025-08-31 13:48:25	failed	ishan@gmail.com	Purchase Order Received - PO #PO-250831-134741
2025-09-01 13:10:14	failed	john@hardwaresupply.com	Purchase Order CANCELLED - PO #PO-2024-002
2025-09-01 13:10:36	failed	a@a.com	Purchase Order CANCELLED - PO #PO-2024-011
2025-09-01 13:10:55	failed	admin@hardwarestore.com	Purchase Order CANCELLED - PO #PO-2024-003
2025-09-01 13:11:16	failed	sandeep@gmail.com	Purchase Order CANCELLED - PO #PO-2024-010
2025-09-01 13:11:32	failed	john@hardwaresupply.com	Purchase Order CANCELLED - PO #PO-2024-006
2025-09-01 13:11:48	failed	admin@hardwarestore.com	Purchase Order CANCELLED - PO #PO-2024-009
2025-09-05 13:36:40	failed	toolworld@toolworld.com	Purchase Order Received - PO #PO-SENT-FIX-002
2025-09-05 13:37:58	failed	toolworld@toolworld.com	Purchase Order Received - PO #PO-SENT-FIX-004
2025-09-05 13:38:50	failed	toolworld@toolworld.com	Purchase Order Received - PO #PO-SENT-FIX-005
2025-09-05 13:51:03	failed	john@hardwaresupply.com	Purchase Order Received - PO #PO-250905-135039
