2025-09-03 10:27:22 - ProductsController::add called
2025-09-03 10:27:32 - ProductsController::add called
2025-09-03 12:10:54 - ProductsController::add called
2025-09-03 12:28:52 - ProductsController::add called
2025-09-03 12:29:33 - ProductsController::add called
2025-09-03 12:34:08 - ProductsController::add called
2025-09-03 12:36:13 - ProductsController::add called
2025-09-03 12:36:50 - ProductsController::add called
2025-09-03 12:44:46 - ProductsController::add called
2025-09-03 12:47:29 - ProductsController::add called
2025-09-03 12:47:29 - POST data: Array
(
    [sku] => 5530755584005
    [product_name] => Led Bulb
    [category_id] => 4
    [brand_id] => 
    [unit_id] => 1
    [model_number] => 
    [product_status] => active
    [product_type] => STANDARD
    [width] => 5
    [width_unit] => cm
    [height] => 9
    [height_unit] => cm
    [length] => 5
    [length_unit] => cm
    [weight] => 50
    [weight_unit] => g
    [expiry_months] => 
    [warranty_period] => 
    [gst_rate] => 18
    [min_inventory_level] => 50
    [reorder_level] => 100
    [max_inventory_level] => 1000
)

2025-09-03 12:48:59 - ProductsController::add called
2025-09-03 12:49:03 - ProductsController::add called
2025-09-03 12:53:05 - ProductsController::add called
2025-09-03 12:54:16 - ProductsController::add called
2025-09-03 12:57:51 - ProductsController::add called
